[25-Mar-2026 19:33:50] NOTICE: fpm is running, pid 82926
[25-Mar-2026 19:33:50] NOTICE: ready to handle connections
[25-Mar-2026 19:34:33] NOTICE: Terminating ...
[25-Mar-2026 19:34:33] NOTICE: Terminating ...
[25-Mar-2026 19:34:33] NOTICE: exiting, bye-bye!
[25-Mar-2026 19:37:05] NOTICE: fpm is running, pid 84860
[25-Mar-2026 19:37:05] NOTICE: ready to handle connections
[25-Mar-2026 19:50:27] NOTICE: Terminating ...
[25-Mar-2026 19:50:27] NOTICE: Terminating ...
[25-Mar-2026 19:50:27] NOTICE: exiting, bye-bye!
[25-Mar-2026 19:50:29] NOTICE: fpm is running, pid 91935
[25-Mar-2026 19:50:29] NOTICE: ready to handle connections
[25-Mar-2026 22:01:21] NOTICE: Terminating ...
[25-Mar-2026 22:01:21] NOTICE: Terminating ...
[25-Mar-2026 22:01:21] NOTICE: exiting, bye-bye!
[26-Mar-2026 10:01:32] NOTICE: fpm is running, pid 1396
[26-Mar-2026 10:01:32] NOTICE: ready to handle connections
[26-Mar-2026 10:27:45] NOTICE: Terminating ...
[26-Mar-2026 10:27:45] NOTICE: Terminating ...
[26-Mar-2026 10:27:45] NOTICE: exiting, bye-bye!
[26-Mar-2026 10:36:01] NOTICE: fpm is running, pid 27122
[26-Mar-2026 10:36:01] NOTICE: ready to handle connections
[26-Mar-2026 12:40:20] NOTICE: Terminating ...
[26-Mar-2026 12:40:20] NOTICE: Terminating ...
[26-Mar-2026 12:40:20] NOTICE: exiting, bye-bye!
[26-Mar-2026 19:20:49] NOTICE: fpm is running, pid 69182
[26-Mar-2026 19:20:49] NOTICE: ready to handle connections
[26-Mar-2026 20:06:55] NOTICE: Terminating ...
[26-Mar-2026 20:06:55] NOTICE: Terminating ...
[26-Mar-2026 20:06:55] NOTICE: exiting, bye-bye!
[26-Mar-2026 20:06:59] NOTICE: fpm is running, pid 95904
[26-Mar-2026 20:06:59] NOTICE: ready to handle connections
[26-Mar-2026 21:42:18] NOTICE: Terminating ...
[26-Mar-2026 21:42:18] NOTICE: Terminating ...
[26-Mar-2026 21:42:18] NOTICE: exiting, bye-bye!
[27-Mar-2026 11:09:07] NOTICE: fpm is running, pid 8680
[27-Mar-2026 11:09:07] NOTICE: ready to handle connections
[27-Mar-2026 14:14:19] NOTICE: Terminating ...
[27-Mar-2026 14:14:19] NOTICE: Terminating ...
[27-Mar-2026 14:14:19] NOTICE: exiting, bye-bye!
[27-Mar-2026 14:50:19] NOTICE: fpm is running, pid 12828
[27-Mar-2026 14:50:19] NOTICE: ready to handle connections
[27-Mar-2026 17:53:13] NOTICE: Terminating ...
[27-Mar-2026 17:53:13] NOTICE: Terminating ...
[27-Mar-2026 17:53:13] NOTICE: exiting, bye-bye!
[27-Mar-2026 17:53:16] NOTICE: fpm is running, pid 3158
[27-Mar-2026 17:53:16] NOTICE: ready to handle connections
[27-Mar-2026 17:53:39] NOTICE: Terminating ...
[27-Mar-2026 17:53:39] NOTICE: Terminating ...
[27-Mar-2026 17:53:39] NOTICE: exiting, bye-bye!
[27-Mar-2026 17:53:40] NOTICE: fpm is running, pid 3366
[27-Mar-2026 17:53:40] NOTICE: ready to handle connections
[27-Mar-2026 21:30:49] NOTICE: Terminating ...
[27-Mar-2026 21:30:49] NOTICE: Terminating ...
[27-Mar-2026 21:30:49] NOTICE: exiting, bye-bye!
[27-Mar-2026 23:00:07] NOTICE: fpm is running, pid 1919
[27-Mar-2026 23:00:07] NOTICE: ready to handle connections
[28-Mar-2026 01:20:14] NOTICE: Terminating ...
[28-Mar-2026 01:20:14] NOTICE: Terminating ...
[28-Mar-2026 01:20:15] NOTICE: exiting, bye-bye!
[28-Mar-2026 12:52:21] NOTICE: fpm is running, pid 4130
[28-Mar-2026 12:52:21] NOTICE: ready to handle connections
[28-Mar-2026 14:03:53] NOTICE: Terminating ...
[28-Mar-2026 14:03:53] NOTICE: Terminating ...
[28-Mar-2026 14:03:53] NOTICE: exiting, bye-bye!
[28-Mar-2026 14:06:29] NOTICE: fpm is running, pid 40366
[28-Mar-2026 14:06:29] NOTICE: ready to handle connections
[28-Mar-2026 16:31:32] NOTICE: fpm is running, pid 1633
[28-Mar-2026 16:31:32] NOTICE: ready to handle connections
[28-Mar-2026 18:07:33] NOTICE: fpm is running, pid 2235
[28-Mar-2026 18:07:33] NOTICE: ready to handle connections
[28-Mar-2026 21:14:58] NOTICE: Terminating ...
[28-Mar-2026 21:14:58] NOTICE: Terminating ...
[28-Mar-2026 21:14:58] NOTICE: exiting, bye-bye!
[30-Mar-2026 10:58:18] NOTICE: fpm is running, pid 3468
[30-Mar-2026 10:58:18] NOTICE: ready to handle connections
[30-Mar-2026 13:51:22] NOTICE: Terminating ...
[30-Mar-2026 13:51:22] NOTICE: Terminating ...
[30-Mar-2026 13:51:22] NOTICE: exiting, bye-bye!
[30-Mar-2026 14:39:11] NOTICE: fpm is running, pid 19788
[30-Mar-2026 14:39:11] NOTICE: ready to handle connections
[30-Mar-2026 17:29:15] NOTICE: Terminating ...
[30-Mar-2026 17:29:15] NOTICE: Terminating ...
[30-Mar-2026 17:29:15] NOTICE: exiting, bye-bye!
[31-Mar-2026 20:49:26] NOTICE: fpm is running, pid 58662
[31-Mar-2026 20:49:26] NOTICE: ready to handle connections
[31-Mar-2026 21:42:56] NOTICE: Terminating ...
[31-Mar-2026 21:42:56] NOTICE: Terminating ...
[31-Mar-2026 21:42:56] NOTICE: exiting, bye-bye!
[01-Apr-2026 10:54:01] NOTICE: fpm is running, pid 6724
[01-Apr-2026 10:54:01] NOTICE: ready to handle connections
[01-Apr-2026 14:31:04] NOTICE: Terminating ...
[01-Apr-2026 14:31:04] NOTICE: Terminating ...
[01-Apr-2026 14:31:04] NOTICE: exiting, bye-bye!
[01-Apr-2026 16:56:55] NOTICE: fpm is running, pid 28922
[01-Apr-2026 16:56:55] NOTICE: ready to handle connections
[01-Apr-2026 21:46:29] NOTICE: Terminating ...
[01-Apr-2026 21:46:29] NOTICE: Terminating ...
[01-Apr-2026 21:46:29] NOTICE: exiting, bye-bye!
[01-Apr-2026 22:09:29] NOTICE: fpm is running, pid 14000
[01-Apr-2026 22:09:29] NOTICE: ready to handle connections
[01-Apr-2026 22:18:32] NOTICE: Terminating ...
[01-Apr-2026 22:18:32] NOTICE: Terminating ...
[01-Apr-2026 22:18:32] NOTICE: exiting, bye-bye!
[02-Apr-2026 15:00:49] NOTICE: fpm is running, pid 4368
[02-Apr-2026 15:00:49] NOTICE: ready to handle connections
[02-Apr-2026 19:43:47] NOTICE: Terminating ...
[02-Apr-2026 19:43:47] NOTICE: Terminating ...
[02-Apr-2026 19:43:47] NOTICE: exiting, bye-bye!
[02-Apr-2026 20:07:47] NOTICE: fpm is running, pid 58177
[02-Apr-2026 20:07:47] NOTICE: ready to handle connections
[02-Apr-2026 21:20:39] NOTICE: Terminating ...
[02-Apr-2026 21:20:39] NOTICE: Terminating ...
[02-Apr-2026 21:20:39] NOTICE: exiting, bye-bye!
[03-Apr-2026 11:02:13] NOTICE: fpm is running, pid 5510
[03-Apr-2026 11:02:13] NOTICE: ready to handle connections
[03-Apr-2026 13:10:44] NOTICE: Terminating ...
[03-Apr-2026 13:10:44] NOTICE: Terminating ...
[03-Apr-2026 13:10:44] NOTICE: exiting, bye-bye!
[03-Apr-2026 13:37:06] NOTICE: fpm is running, pid 96506
[03-Apr-2026 13:37:06] NOTICE: ready to handle connections
[03-Apr-2026 13:47:24] NOTICE: Terminating ...
[03-Apr-2026 13:47:24] NOTICE: Terminating ...
[03-Apr-2026 13:47:24] NOTICE: exiting, bye-bye!
